<?xml version="1.0" encoding="UTF-8"?>
<!-- Generated by org.testng.reporters.JUnitReportReporter -->
<testsuite hostname="DESKTOP-JG4CIEP" failures="0" tests="2" name="Pract.Mobile" time="0.001" errors="0" timestamp="2023-08-02T15:36:38 IST" skipped="1">
  <testcase classname="Pract.Mobile" name="ios" time="0.001"/>
  <testcase classname="Pract.Mobile" name="exnos">
    <skipped/>
  </testcase> <!-- exnos -->
</testsuite> <!-- Pract.Mobile -->
