<?xml version="1.0" encoding="UTF-8"?>
<!-- Generated by org.testng.reporters.JUnitReportReporter -->
<testsuite hostname="DESKTOP-JG4CIEP" failures="0" tests="6" name="ecommerce.Company" time="0.020" errors="0" timestamp="2023-08-02T15:12:27 IST" skipped="0">
  <testcase classname="ecommerce.Company" name="earbudsIphone" time="0.002"/>
  <testcase classname="ecommerce.Company" name="dell" time="0.002"/>
  <testcase classname="ecommerce.Company" name="mobileOnePlus" time="0.002"/>
  <testcase classname="ecommerce.Company" name="amd" time="0.012"/>
  <testcase classname="ecommerce.Company" name="intel" time="0.001"/>
  <testcase classname="ecommerce.Company" name="mobileSamsung" time="0.001"/>
</testsuite> <!-- ecommerce.Company -->
