<?xml version="1.0" encoding="UTF-8"?>
<!-- Generated by org.testng.reporters.JUnitReportReporter -->
<testsuite hostname="DESKTOP-JG4CIEP" failures="0" tests="4" name="ecommerce.Card" time="0.018" errors="0" timestamp="2023-08-02T15:02:10 IST" skipped="0">
  <testcase classname="ecommerce.Card" name="creditcard" time="0.002"/>
  <testcase classname="ecommerce.Card" name="cod" time="0.011"/>
  <testcase classname="ecommerce.Card" name="debitcard" time="0.003"/>
  <testcase classname="ecommerce.Card" name="giftcard" time="0.002"/>
</testsuite> <!-- ecommerce.Card -->
