<?xml version="1.0" encoding="UTF-8"?>
<!-- Generated by org.testng.reporters.JUnitReportReporter -->
<testsuite hostname="DESKTOP-JG4CIEP" failures="0" tests="1" name="Pract.Ac" time="0.011" errors="0" timestamp="2023-08-02T15:36:38 IST" skipped="0">
  <testcase classname="Pract.Ac" name="volta" time="0.011"/>
</testsuite> <!-- Pract.Ac -->
