<?xml version="1.0" encoding="UTF-8"?>
<!-- Generated by org.testng.reporters.JUnitReportReporter -->
<testsuite hostname="DESKTOP-JG4CIEP" failures="0" tests="1" name="project1.Login" time="10.109" errors="0" timestamp="2023-08-03T12:08:08 IST" skipped="0">
  <testcase classname="project1.Login" name="login" time="10.109"/>
</testsuite> <!-- project1.Login -->
