<?xml version="1.0" encoding="UTF-8"?>
<!-- Generated by org.testng.reporters.JUnitReportReporter -->
<testsuite hostname="DESKTOP-JG4CIEP" failures="0" tests="2" name="framework.P5" time="0.005" errors="0" timestamp="2023-08-02T12:42:35 IST" skipped="0">
  <testcase classname="framework.P5" name="m1" time="0.003"/>
  <testcase classname="framework.P5" name="m2" time="0.002"/>
</testsuite> <!-- framework.P5 -->
