<?xml version="1.0" encoding="UTF-8"?>
<!-- Generated by org.testng.reporters.JUnitReportReporter -->
<testsuite hostname="DESKTOP-JG4CIEP" failures="0" tests="2" name="framework.Prog1" time="0.009" errors="0" timestamp="2023-08-02T12:42:35 IST" skipped="0">
  <testcase classname="framework.Prog1" name="m2" time="0.001"/>
  <testcase classname="framework.Prog1" name="m1" time="0.008"/>
</testsuite> <!-- framework.Prog1 -->
