<?xml version="1.0" encoding="UTF-8"?>
<!-- Generated by org.testng.reporters.JUnitReportReporter -->
<testsuite hostname="DESKTOP-JG4CIEP" failures="0" tests="3" name="ecommerce.Data" time="0.016" errors="0" timestamp="2023-08-02T16:54:54 IST" skipped="0">
  <testcase classname="ecommerce.Data" name="m1" time="0.002"/>
  <testcase classname="ecommerce.Data" name="m1" time="0.011"/>
  <testcase classname="ecommerce.Data" name="m1" time="0.003"/>
</testsuite> <!-- ecommerce.Data -->
