<?xml version="1.0" encoding="UTF-8"?>
<!-- Generated by org.testng.reporters.JUnitReportReporter -->
<testsuite hostname="DESKTOP-JG4CIEP" failures="0" tests="4" name="ecommerce.Product" time="0.016" errors="0" timestamp="2023-08-02T15:02:10 IST" skipped="0">
  <testcase classname="ecommerce.Product" name="tv" time="0.005"/>
  <testcase classname="ecommerce.Product" name="ac" time="0.003"/>
  <testcase classname="ecommerce.Product" name="laptop" time="0.004"/>
  <testcase classname="ecommerce.Product" name="mobile" time="0.004"/>
</testsuite> <!-- ecommerce.Product -->
